<?xml version="1.0" encoding="UTF-8"?>
<!-- Generated by org.testng.reporters.JUnitReportReporter -->
<testsuite skipped="0" hostname="DESKTOP-KJ4U1G6" name="org.br.test.ProductPageTest" tests="4" failures="0" timestamp="14 Jan 2020 06:33:48 GMT" time="11.915" errors="0">
  <testcase name="getTitleTest" time="0.035" classname="org.br.test.ProductPageTest"/>
  <testcase name="itemAddToBagTest" time="1.312" classname="org.br.test.ProductPageTest"/>
  <testcase name="getProductDetailTest" time="2.887" classname="org.br.test.ProductPageTest"/>
  <testcase name="clickCheckoutTest" time="7.681" classname="org.br.test.ProductPageTest"/>
</testsuite> <!-- org.br.test.ProductPageTest -->
