<?xml version="1.0" encoding="UTF-8"?>
<!-- Generated by org.testng.reporters.JUnitReportReporter -->
<testsuite skipped="0" hostname="DESKTOP-KJ4U1G6" name="org.br.auto_pom.auto_pom.LoginPageTest" tests="5" failures="0" timestamp="04 Jan 2020 04:58:41 GMT" time="13.766" errors="0">
  <testcase name="titleTest" time="0.237" classname="org.br.auto_pom.auto_pom.LoginPageTest"/>
  <testcase name="loginAccountTest" time="7.351" classname="org.br.auto_pom.auto_pom.LoginPageTest"/>
  <testcase name="accountInfoTest" time="0.123" classname="org.br.auto_pom.auto_pom.LoginPageTest"/>
  <testcase name="accountDropDownMenuTest" time="1.241" classname="org.br.auto_pom.auto_pom.LoginPageTest"/>
  <testcase name="signOutTest" time="4.814" classname="org.br.auto_pom.auto_pom.LoginPageTest"/>
</testsuite> <!-- org.br.auto_pom.auto_pom.LoginPageTest -->
