<?xml version="1.0" encoding="UTF-8"?>
<!-- Generated by org.testng.reporters.JUnitReportReporter -->
<testsuite skipped="0" hostname="DESKTOP-KJ4U1G6" name="org.br.test.ShopBagPageTest" tests="3" failures="0" timestamp="14 Jan 2020 06:33:48 GMT" time="8.043" errors="0">
  <testcase name="titleTest" time="0.157" classname="org.br.test.ShopBagPageTest"/>
  <testcase name="checkProductDetailTest" time="0.122" classname="org.br.test.ShopBagPageTest"/>
  <testcase name="clickCheckoutTest" time="7.764" classname="org.br.test.ShopBagPageTest"/>
</testsuite> <!-- org.br.test.ShopBagPageTest -->
