<?xml version="1.0" encoding="UTF-8"?>
<!-- Generated by org.testng.reporters.JUnitReportReporter -->
<testsuite skipped="0" hostname="DESKTOP-KJ4U1G6" name="org.br.pages.HomePage" tests="1" failures="0" timestamp="21 Dec 2019 05:30:02 GMT" time="22.914" errors="0">
  <testcase name="getPage" time="22.914" classname="org.br.pages.HomePage"/>
</testsuite> <!-- org.br.pages.HomePage -->
