<?xml version="1.0" encoding="UTF-8"?>
<!-- Generated by org.testng.reporters.JUnitReportReporter -->
<testsuite skipped="4" hostname="DESKTOP-KJ4U1G6" name="org.br.pagefactory.HomePage" tests="5" failures="0" timestamp="03 Jan 2020 03:55:35 GMT" time="0.019" errors="1">
  <testcase name="checkLogos" time="0.000" classname="org.br.pagefactory.HomePage">
    <skipped/>
  </testcase> <!-- checkLogos -->
  <testcase name="checkPopUp" time="0.000" classname="org.br.pagefactory.HomePage">
    <skipped/>
  </testcase> <!-- checkPopUp -->
  <testcase name="checkNavBar" time="0.000" classname="org.br.pagefactory.HomePage">
    <skipped/>
  </testcase> <!-- checkNavBar -->
  <testcase name="checkSignInCheckout" time="0.000" classname="org.br.pagefactory.HomePage">
    <skipped/>
  </testcase> <!-- checkSignInCheckout -->
  <testcase name="getPage" time="0.019" classname="org.br.pagefactory.HomePage">
    <error type="java.lang.NullPointerException">
      <![CDATA[java.lang.NullPointerException
at org.br.pagefactory.HomePage.getPage(HomePage.java:45)
at sun.reflect.NativeMethodAccessorImpl.invoke0(Native Method)
at sun.reflect.NativeMethodAccessorImpl.invoke(Unknown Source)
at sun.reflect.DelegatingMethodAccessorImpl.invoke(Unknown Source)
at java.lang.reflect.Method.invoke(Unknown Source)
at org.testng.internal.MethodInvocationHelper.invokeMethod(MethodInvocationHelper.java:124)
at org.testng.internal.MethodInvocationHelper.invokeMethodConsideringTimeout(MethodInvocationHelper.java:59)
at org.testng.internal.Invoker.invokeConfigurationMethod(Invoker.java:458)
at org.testng.internal.Invoker.invokeConfigurations(Invoker.java:222)
at org.testng.internal.Invoker.invokeConfigurations(Invoker.java:142)
at org.testng.TestRunner.beforeRun(TestRunner.java:529)
at org.testng.TestRunner.run(TestRunner.java:497)
at org.testng.SuiteRunner.runTest(SuiteRunner.java:455)
at org.testng.SuiteRunner.runSequentially(SuiteRunner.java:450)
at org.testng.SuiteRunner.privateRun(SuiteRunner.java:415)
at org.testng.SuiteRunner.run(SuiteRunner.java:364)
at org.testng.SuiteRunnerWorker.runSuite(SuiteRunnerWorker.java:52)
at org.testng.SuiteRunnerWorker.run(SuiteRunnerWorker.java:84)
at org.testng.TestNG.runSuitesSequentially(TestNG.java:1208)
at org.testng.TestNG.runSuitesLocally(TestNG.java:1137)
at org.testng.TestNG.runSuites(TestNG.java:1049)
at org.testng.TestNG.run(TestNG.java:1017)
at org.testng.remote.AbstractRemoteTestNG.run(AbstractRemoteTestNG.java:114)
at org.testng.remote.RemoteTestNG.initAndRun(RemoteTestNG.java:251)
at org.testng.remote.RemoteTestNG.main(RemoteTestNG.java:77)
]]>
    </error>
  </testcase> <!-- getPage -->
</testsuite> <!-- org.br.pagefactory.HomePage -->
